<?xml version="1.0" encoding="UTF-8"?>
<testsuite name="com.kobot.secret_information_detection_system.SecretInformationDetectionSystemApplicationTests" tests="1" skipped="0" failures="0" errors="0" timestamp="2024-09-25T06:02:44" hostname="2-20" time="0.739">
  <properties/>
  <testcase name="contextLoads()" classname="com.kobot.secret_information_detection_system.SecretInformationDetectionSystemApplicationTests" time="0.739"/>
  <system-out><![CDATA[15:02:42.191 [Test worker] INFO org.springframework.test.context.support.AnnotationConfigContextLoaderUtils -- Could not detect default configuration classes for test class [com.kobot.secret_information_detection_system.SecretInformationDetectionSystemApplicationTests]: SecretInformationDetectionSystemApplicationTests does not declare any static, non-private, non-final, nested classes annotated with @Configuration.
15:02:42.293 [Test worker] INFO org.springframework.boot.test.context.SpringBootTestContextBootstrapper -- Found @SpringBootConfiguration com.kobot.secret_information_detection_system.SecretInformationDetectionSystemApplication for test class com.kobot.secret_information_detection_system.SecretInformationDetectionSystemApplicationTests

  .   ____          _            __ _ _
 /\\ / ___'_ __ _ _(_)_ __  __ _ \ \ \ \
( ( )\___ | '_ | '_| | '_ \/ _` | \ \ \ \
 \\/  ___)| |_)| | | | | || (_| |  ) ) ) )
  '  |____| .__|_| |_|_| |_\__, | / / / /
 =========|_|==============|___/=/_/_/_/

 :: Spring Boot ::                (v3.3.4)

2024-09-25T15:02:42.728+09:00  INFO 22648 --- [Secret Information Detection System] [    Test worker] formationDetectionSystemApplicationTests : Starting SecretInformationDetectionSystemApplicationTests using Java 21.0.4 with PID 22648 (started by 2-20 in C:\01.lab\01.java\Secret_Information_Detection_System)
2024-09-25T15:02:42.730+09:00  INFO 22648 --- [Secret Information Detection System] [    Test worker] formationDetectionSystemApplicationTests : No active profile set, falling back to 1 default profile: "default"
2024-09-25T15:02:44.465+09:00  INFO 22648 --- [Secret Information Detection System] [    Test worker] formationDetectionSystemApplicationTests : Started SecretInformationDetectionSystemApplicationTests in 1.972 seconds (process running for 3.177)
]]></system-out>
  <system-err><![CDATA[WARNING: A Java agent has been loaded dynamically (C:\Users\2-20\.gradle\caches\modules-2\files-2.1\net.bytebuddy\byte-buddy-agent\1.14.19\154da3a65b4f4a909d3e5bdec55d1b2b4cbb6ce1\byte-buddy-agent-1.14.19.jar)
WARNING: If a serviceability tool is in use, please run with -XX:+EnableDynamicAgentLoading to hide this warning
WARNING: If a serviceability tool is not in use, please run with -Djdk.instrument.traceUsage for more information
WARNING: Dynamic loading of agents will be disallowed by default in a future release
]]></system-err>
</testsuite>
